#
# A fatal error has been detected by the Java Runtime Environment:
#
#  SIGSEGV (0xb) at pc=0x000000010f646922, pid=4668, tid=17155
#
# JRE version: Java(TM) SE Runtime Environment (8.0_60-b27) (build 1.8.0_60-b27)
# Java VM: Java HotSpot(TM) 64-Bit Server VM (25.60-b23 mixed mode bsd-amd64 compressed oops)
# Problematic frame:
# V  [libjvm.dylib+0x446922]  Method::checked_resolve_jmethod_id(_jmethodID*)+0x1c
#
# Failed to write core dump. Core dumps have been disabled. To enable core dumping, try "ulimit -c unlimited" before starting Java again
#
# If you would like to submit a bug report, please visit:
#   http://bugreport.java.com/bugreport/crash.jsp
#

---------------  T H R E A D  ---------------

Current thread (0x00007ff86b819000):  JavaThread "JDWP Transport Listener: dt_socket" daemon [_thread_in_vm, id=17155, stack(0x000070000f666000,0x000070000f766000)]

siginfo: si_signo: 11 (SIGSEGV), si_code: 0 (unknown), si_addr: 0x0000000000000000

Registers:
RAX=0x0000000000000001, RBX=0xf000000000000000, RCX=0x000000010fa15310, RDX=0x000070000f765a8b
RSP=0x000070000f7659d0, RBP=0x000070000f7659e0, RSI=0x00007ff86b819000, RDI=0x00007ff869e50660
R8 =0x0000000000000000, R9 =0x00007ff869e69760, R10=0x0000000000000001, R11=0x0000000000000001
R12=0x00007ff86b819000, R13=0x00007ff869e50660, R14=0x00007ff869e50660, R15=0x00007ff869c00b60
RIP=0x000000010f646922, EFLAGS=0x0000000000010296, ERR=0x0000000000000000
  TRAPNO=0x000000000000000d

Top of Stack: (sp=0x000070000f7659d0)
0x000070000f7659d0:   000070000f765a8b 000070000f765a8b
0x000070000f7659e0:   000070000f765a40 000000010f555a0e
0x000070000f7659f0:   00007ff86b819000 0000000000000000
0x000070000f765a00:   0000000000000000 0000000000000000
0x000070000f765a10:   00007ff86b819000 00007ff86b819000
0x000070000f765a20:   000070000f765a8b 000070000f765a90
0x000070000f765a30:   00007ff869e50660 0000000000000010
0x000070000f765a40:   000070000f765a60 00000001101a9780
0x000070000f765a50:   0000000000000001 000070000f765b08
0x000070000f765a60:   000070000f765ad0 000000011018e1f3
0x000070000f765a70:   000070000f765aa0 00007ff869e506b0
0x000070000f765a80:   0000001100000032 0000000a00765b08
0x000070000f765a90:   0000000000000000 0000000000000000
0x000070000f765aa0:   0000000000000000 000070000f765c90
0x000070000f765ab0:   00000001101b0e7a 00007ff869e0df00
0x000070000f765ac0:   000070000f765b08 00000001101bc598
0x000070000f765ad0:   000070000f765ae0 000000011018e2ec
0x000070000f765ae0:   000070000f765d00 0000000110197898
0x000070000f765af0:   00002f9000000013 00000000000f0200
0x000070000f765b00:   00007ff869e71990 00007ff86b9a483b
0x000070000f765b10:   00007ff800000275 00007ff869e59660
0x000070000f765b20:   00007ff80000012c 000070000f765b58
0x000070000f765b30:   00007ff869e59690 0000000000000000
0x000070000f765b40:   00002f900000001c 00007ff800008980
0x000070000f765b50:   000070000f765b58 f87f000011000000
0x000070000f765b60:   06000000e88fc669 00003e74696e693c
0x000070000f765b70:   0000005629280300 7f00000100000000
0x000070000f765b80:   000000f08fc669f8 7a696d6974706f11
0x000070000f765b90:   6f67796c6f506465 4c2823000000736e
0x000070000f765ba0:   6974752f6176616a 493b7473694c2f6c
0x000070000f765bb0:   752f6176616a4c29 7473694c2f6c6974
0x000070000f765bc0:   6a4c286b0000003b 6c6974752f617661 

Instructions: (pc=0x000000010f646922)
0x000000010f646902:   31 c0 5d c3 55 48 89 e5 53 48 83 ec 08 48 85 ff
0x000000010f646912:   74 24 48 8b 1f 48 85 db 74 1c 48 83 fb 37 74 16
0x000000010f646922:   48 8b 03 48 89 df ff 50 10 84 c0 b8 00 00 00 00
0x000000010f646932:   48 0f 45 c3 eb 02 31 c0 48 83 c4 08 5b 5d c3 90 

Register to memory mapping:

RAX=0x0000000000000001 is an unknown value
RBX=0xf000000000000000 is an unknown value
RCX=0x000000010fa15310: UseMembar+0 in /Library/Java/JavaVirtualMachines/jdk1.8.0_60.jdk/Contents/Home/jre/lib/server/libjvm.dylib at 0x000000010f200000
RDX=0x000070000f765a8b is pointing into the stack for thread: 0x00007ff86b819000
RSP=0x000070000f7659d0 is pointing into the stack for thread: 0x00007ff86b819000
RBP=0x000070000f7659e0 is pointing into the stack for thread: 0x00007ff86b819000
RSI=0x00007ff86b819000 is a thread
RDI=0x00007ff869e50660 is an unknown value
R8 =0x0000000000000000 is an unknown value
R9 =0x00007ff869e69760 is an unknown value
R10=0x0000000000000001 is an unknown value
R11=0x0000000000000001 is an unknown value
R12=0x00007ff86b819000 is a thread
R13=0x00007ff869e50660 is an unknown value
R14=0x00007ff869e50660 is an unknown value
R15=0x00007ff869c00b60 is an unknown value


Stack: [0x000070000f666000,0x000070000f766000],  sp=0x000070000f7659d0,  free space=1022k
Native frames: (J=compiled Java code, j=interpreted, Vv=VM code, C=native code)
V  [libjvm.dylib+0x446922]  Method::checked_resolve_jmethod_id(_jmethodID*)+0x1c
V  [libjvm.dylib+0x355a0e]  jvmti_IsMethodSynthetic+0xb2
C  [libjdwp.dylib+0x20780]  isMethodSynthetic+0x63
C  [libjdwp.dylib+0x51f3]  methods1+0x10b
C  [libjdwp.dylib+0x52ec]  methodsWithGeneric+0xe
C  [libjdwp.dylib+0xe898]  debugLoop_run+0x1ce
C  [libjdwp.dylib+0x1f6ba]  attachThread+0x4d
V  [libjvm.dylib+0x396d6c]  JvmtiAgentThread::call_start_function()+0x38
V  [libjvm.dylib+0x5612d3]  JavaThread::thread_main_inner()+0x9b
V  [libjvm.dylib+0x5629ce]  JavaThread::run()+0x1c2
V  [libjvm.dylib+0x48343a]  java_start(Thread*)+0xf6
C  [libsystem_pthread.dylib+0x3abb]  _pthread_body+0xb4
C  [libsystem_pthread.dylib+0x3a07]  _pthread_body+0x0
C  [libsystem_pthread.dylib+0x3231]  thread_start+0xd
C  0x0000000000000000


---------------  P R O C E S S  ---------------

Java Threads: ( => current thread )
  0x00007ff86a0c6000 JavaThread "Java2D Disposer" daemon [_thread_blocked, id=58127, stack(0x0000700010310000,0x0000700010410000)]
  0x00007ff86a0a6800 JavaThread "Java2D Queue Flusher" daemon [_thread_blocked, id=56071, stack(0x000070001020d000,0x000070001030d000)]
  0x00007ff86a803000 JavaThread "DestroyJavaVM" [_thread_blocked, id=7171, stack(0x000070000ed4b000,0x000070000ee4b000)]
  0x00007ff86a917000 JavaThread "AWT-EventQueue-0" [_thread_blocked, id=48427, stack(0x000070001010a000,0x000070001020a000)]
  0x00007ff86a054000 JavaThread "AWT-Shutdown" [_thread_blocked, id=31263, stack(0x000070000ff01000,0x0000700010001000)]
  0x00007ff86b939000 JavaThread "AppKit Thread" daemon [_thread_in_native, id=2059, stack(0x00007fff50b02000,0x00007fff51302000)]
  0x00007ff86b06e800 JavaThread "Service Thread" daemon [_thread_blocked, id=20227, stack(0x000070000fc78000,0x000070000fd78000)]
  0x00007ff86b80f800 JavaThread "C1 CompilerThread2" daemon [_thread_blocked, id=19715, stack(0x000070000fb75000,0x000070000fc75000)]
  0x00007ff86b810800 JavaThread "C2 CompilerThread1" daemon [_thread_blocked, id=19203, stack(0x000070000fa72000,0x000070000fb72000)]
  0x00007ff86a019000 JavaThread "C2 CompilerThread0" daemon [_thread_blocked, id=18691, stack(0x000070000f96f000,0x000070000fa6f000)]
  0x00007ff86b80f000 JavaThread "JDWP Command Reader" daemon [_thread_in_native, id=18179, stack(0x000070000f86c000,0x000070000f96c000)]
  0x00007ff86b80e000 JavaThread "JDWP Event Helper Thread" daemon [_thread_blocked, id=17667, stack(0x000070000f769000,0x000070000f869000)]
=>0x00007ff86b819000 JavaThread "JDWP Transport Listener: dt_socket" daemon [_thread_in_vm, id=17155, stack(0x000070000f666000,0x000070000f766000)]
  0x00007ff86a800800 JavaThread "Signal Dispatcher" daemon [_thread_blocked, id=16643, stack(0x000070000f563000,0x000070000f663000)]
  0x00007ff86a00b800 JavaThread "Finalizer" daemon [_thread_blocked, id=12547, stack(0x000070000f460000,0x000070000f560000)]
  0x00007ff86b051800 JavaThread "Reference Handler" daemon [_thread_blocked, id=12035, stack(0x000070000f35d000,0x000070000f45d000)]

Other Threads:
  0x00007ff86b04e800 VMThread [stack: 0x000070000f25a000,0x000070000f35a000] [id=11523]
  0x00007ff86b814000 WatcherThread [stack: 0x000070000fd7b000,0x000070000fe7b000] [id=20739]

VM state:not at safepoint (normal execution)

VM Mutex/Monitor currently owned by a thread: None

Heap:
 PSYoungGen      total 38400K, used 37671K [0x0000000795580000, 0x000000079a080000, 0x00000007c0000000)
  eden space 33280K, 99% used [0x0000000795580000,0x00000007975fbeb8,0x0000000797600000)
  from space 5120K, 86% used [0x0000000797600000,0x0000000797a4ded0,0x0000000797b00000)
  to   space 5120K, 0% used [0x0000000799b80000,0x0000000799b80000,0x000000079a080000)
 ParOldGen       total 87552K, used 22880K [0x0000000740000000, 0x0000000745580000, 0x0000000795580000)
  object space 87552K, 26% used [0x0000000740000000,0x0000000741658310,0x0000000745580000)
 Metaspace       used 9531K, capacity 9714K, committed 9984K, reserved 1058816K
  class space    used 1161K, capacity 1225K, committed 1280K, reserved 1048576K

Card table byte_map: [0x0000000110594000,0x0000000110995000] byte_map_base: 0x000000010cb94000

Marking Bits: (ParMarkBitMap*) 0x000000010fadee20
 Begin Bits: [0x0000000120910000, 0x0000000122910000)
 End Bits:   [0x0000000122910000, 0x0000000124910000)

Polling page: 0x000000010e9be000

CodeCache: size=245760Kb used=2177Kb max_used=2177Kb free=243582Kb
 bounds [0x0000000111910000, 0x0000000111b80000, 0x0000000120910000]
 total_blobs=916 nmethods=491 adapters=347
 compilation: enabled

Compilation events (10 events):
Event: 26.760 Thread 0x00007ff86b80f800  488       3       sun.java2d.pipe.RenderQueue::unlock (4 bytes)
Event: 26.761 Thread 0x00007ff86b80f800 nmethod 488 0x0000000111b2f8d0 code [0x0000000111b2fa60, 0x0000000111b2fdc8]
Event: 26.863 Thread 0x00007ff86b80f800  489       3       sun.java2d.pipe.RenderQueue::tryLock (4 bytes)
Event: 26.863 Thread 0x00007ff86b80f800 nmethod 489 0x0000000111b2ff50 code [0x0000000111b300e0, 0x0000000111b30448]
Event: 26.864 Thread 0x00007ff86b80f800  490       3       sun.awt.SunToolkit::awtTryLock (7 bytes)
Event: 26.864 Thread 0x00007ff86b80f800 nmethod 490 0x0000000111b305d0 code [0x0000000111b30740, 0x0000000111b30a28]
Event: 39.179 Thread 0x00007ff86b80f800  491       3       java.util.concurrent.locks.AbstractQueuedSynchronizer::release (33 bytes)
Event: 39.180 Thread 0x00007ff86b80f800 nmethod 491 0x0000000111b30b50 code [0x0000000111b30ce0, 0x0000000111b31018]
Event: 39.180 Thread 0x00007ff86b80f800  492       3       java.util.concurrent.locks.ReentrantLock$Sync::tryRelease (45 bytes)
Event: 39.180 Thread 0x00007ff86b80f800 nmethod 492 0x0000000111b31110 code [0x0000000111b312a0, 0x0000000111b31868]

GC Heap History (2 events):
Event: 1.091 GC heap before
{Heap before GC invocations=1 (full 0):
 PSYoungGen      total 38400K, used 32945K [0x0000000795580000, 0x0000000798000000, 0x00000007c0000000)
  eden space 33280K, 98% used [0x0000000795580000,0x00000007975ac608,0x0000000797600000)
  from space 5120K, 0% used [0x0000000797b00000,0x0000000797b00000,0x0000000798000000)
  to   space 5120K, 0% used [0x0000000797600000,0x0000000797600000,0x0000000797b00000)
 ParOldGen       total 87552K, used 0K [0x0000000740000000, 0x0000000745580000, 0x0000000795580000)
  object space 87552K, 0% used [0x0000000740000000,0x0000000740000000,0x0000000745580000)
 Metaspace       used 8920K, capacity 9038K, committed 9088K, reserved 1056768K
  class space    used 1088K, capacity 1151K, committed 1152K, reserved 1048576K
Event: 1.114 GC heap after
Heap after GC invocations=1 (full 0):
 PSYoungGen      total 38400K, used 4407K [0x0000000795580000, 0x000000079a080000, 0x00000007c0000000)
  eden space 33280K, 0% used [0x0000000795580000,0x0000000795580000,0x0000000797600000)
  from space 5120K, 86% used [0x0000000797600000,0x0000000797a4ded0,0x0000000797b00000)
  to   space 5120K, 0% used [0x0000000799b80000,0x0000000799b80000,0x000000079a080000)
 ParOldGen       total 87552K, used 22880K [0x0000000740000000, 0x0000000745580000, 0x0000000795580000)
  object space 87552K, 26% used [0x0000000740000000,0x0000000741658310,0x0000000745580000)
 Metaspace       used 8920K, capacity 9038K, committed 9088K, reserved 1056768K
  class space    used 1088K, capacity 1151K, committed 1152K, reserved 1048576K
}

Deoptimization events (10 events):
Event: 1.142 Thread 0x00007ff86a917000 Uncommon trap: reason=unstable_if action=reinterpret pc=0x0000000111afeeec method=de.htw.ip.potrace.ContourAlgorithm.findPaths([IIILjava/util/List;)V @ 60
Event: 1.167 Thread 0x00007ff86a917000 Uncommon trap: reason=class_check action=maybe_recompile pc=0x0000000111afddcc method=java.util.ArrayList.indexOf(Ljava/lang/Object;)I @ 51
Event: 1.167 Thread 0x00007ff86a917000 Uncommon trap: reason=class_check action=maybe_recompile pc=0x0000000111afddcc method=java.util.ArrayList.indexOf(Ljava/lang/Object;)I @ 51
Event: 1.167 Thread 0x00007ff86a917000 Uncommon trap: reason=class_check action=maybe_recompile pc=0x0000000111afddcc method=java.util.ArrayList.indexOf(Ljava/lang/Object;)I @ 51
Event: 1.167 Thread 0x00007ff86a917000 Uncommon trap: reason=class_check action=maybe_recompile pc=0x0000000111afddcc method=java.util.ArrayList.indexOf(Ljava/lang/Object;)I @ 51
Event: 1.169 Thread 0x00007ff86a917000 Uncommon trap: reason=class_check action=maybe_recompile pc=0x0000000111afc474 method=java.util.ArrayList.indexOf(Ljava/lang/Object;)I @ 51
Event: 4.856 Thread 0x00007ff86a917000 Uncommon trap: reason=unstable_if action=reinterpret pc=0x0000000111af23f4 method=java.lang.Integer.valueOf(I)Ljava/lang/Integer; @ 10
Event: 4.872 Thread 0x00007ff86a917000 Uncommon trap: reason=unstable_if action=reinterpret pc=0x0000000111b11698 method=java.util.Arrays.copyOf([Ljava/lang/Object;ILjava/lang/Class;)[Ljava/lang/Object; @ 3
Event: 4.876 Thread 0x00007ff86a917000 Uncommon trap: reason=bimorphic action=maybe_recompile pc=0x0000000111b128cc method=java.util.HashMap.putVal(ILjava/lang/Object;Ljava/lang/Object;ZZ)Ljava/lang/Object; @ 56
Event: 4.876 Thread 0x00007ff86a917000 Uncommon trap: reason=bimorphic action=maybe_recompile pc=0x0000000111b128cc method=java.util.HashMap.putVal(ILjava/lang/Object;Ljava/lang/Object;ZZ)Ljava/lang/Object; @ 56

Internal exceptions (10 events):
Event: 0.286 Thread 0x00007ff86a803000 Exception <a 'java/security/PrivilegedActionException'> (0x000000079561c9a0) thrown at [/Users/java_re/workspace/8-2-build-macosx-x86_64/jdk8u60/4407/hotspot/src/share/vm/prims/jvm.cpp, line 1386]
Event: 0.286 Thread 0x00007ff86a803000 Exception <a 'java/security/PrivilegedActionException'> (0x000000079561fc40) thrown at [/Users/java_re/workspace/8-2-build-macosx-x86_64/jdk8u60/4407/hotspot/src/share/vm/prims/jvm.cpp, line 1386]
Event: 0.286 Thread 0x00007ff86a803000 Exception <a 'java/security/PrivilegedActionException'> (0x000000079561fe50) thrown at [/Users/java_re/workspace/8-2-build-macosx-x86_64/jdk8u60/4407/hotspot/src/share/vm/prims/jvm.cpp, line 1386]
Event: 0.358 Thread 0x00007ff86a803000 Exception <a 'java/lang/NoSuchFieldError': method resolution failed> (0x00000007958e0f70) thrown at [/Users/java_re/workspace/8-2-build-macosx-x86_64/jdk8u60/4407/hotspot/src/share/vm/prims/methodHandles.cpp, line 1146]
Event: 0.362 Thread 0x00007ff86a803000 Exception <a 'java/lang/NoSuchFieldError': method resolution failed> (0x00000007958ee740) thrown at [/Users/java_re/workspace/8-2-build-macosx-x86_64/jdk8u60/4407/hotspot/src/share/vm/prims/methodHandles.cpp, line 1146]
Event: 0.556 Thread 0x00007ff86a803000 Exception <a 'java/io/FileNotFoundException'> (0x0000000795969f60) thrown at [/Users/java_re/workspace/8-2-build-macosx-x86_64/jdk8u60/4407/hotspot/src/share/vm/prims/jni.cpp, line 709]
Event: 0.556 Thread 0x00007ff86a803000 Exception <a 'java/io/FileNotFoundException'> (0x000000079596aaf0) thrown at [/Users/java_re/workspace/8-2-build-macosx-x86_64/jdk8u60/4407/hotspot/src/share/vm/prims/jni.cpp, line 709]
Event: 0.583 Thread 0x00007ff86a917000 Exception <a 'java/io/FileNotFoundException'> (0x0000000795ac2e28) thrown at [/Users/java_re/workspace/8-2-build-macosx-x86_64/jdk8u60/4407/hotspot/src/share/vm/prims/jni.cpp, line 709]
Event: 4.873 Thread 0x00007ff86a917000 Exception <a 'java/lang/NoSuchMethodError': java.lang.Object.lambda$comparing$77a9974f$1(Ljava/util/function/Function;Ljava/lang/Object;Ljava/lang/Object;)I> (0x00000007972b3520) thrown at [/Users/java_re/workspace/8-2-build-macosx-x86_64/jdk8u60/4407/hot
Event: 4.878 Thread 0x00007ff86a917000 Exception <a 'java/lang/NoSuchMethodError': java.lang.Object.lambda$minBy$23(Ljava/util/Comparator;Ljava/lang/Object;Ljava/lang/Object;)Ljava/lang/Object;> (0x00000007972bf848) thrown at [/Users/java_re/workspace/8-2-build-macosx-x86_64/jdk8u60/4407/hotsp

Events (10 events):
Event: 58.614 Executing VM operation: GetCurrentLocation
Event: 58.614 Executing VM operation: GetCurrentLocation done
Event: 58.614 Executing VM operation: EnterInterpOnlyMode
Event: 58.614 Executing VM operation: EnterInterpOnlyMode done
Event: 58.614 Executing VM operation: ChangeSingleStep
Event: 58.614 Executing VM operation: ChangeSingleStep done
Event: 58.614 Executing VM operation: ChangeSingleStep
Event: 58.614 Executing VM operation: ChangeSingleStep done
Event: 58.621 Executing VM operation: RedefineClasses
Event: 58.624 Executing VM operation: RedefineClasses done


Dynamic libraries:
0x000000003625f000 	/System/Library/Frameworks/Cocoa.framework/Versions/A/Cocoa
0x000000003625f000 	/System/Library/Frameworks/Security.framework/Versions/A/Security
0x000000003625f000 	/System/Library/Frameworks/ApplicationServices.framework/Versions/A/ApplicationServices
0x000000003625f000 	/usr/lib/libz.1.dylib
0x000000003625f000 	/usr/lib/libSystem.B.dylib
0x000000003625f000 	/usr/lib/libobjc.A.dylib
0x000000003625f000 	/System/Library/Frameworks/CoreFoundation.framework/Versions/A/CoreFoundation
0x000000003625f000 	/System/Library/Frameworks/Foundation.framework/Versions/C/Foundation
0x000000003625f000 	/System/Library/Frameworks/AppKit.framework/Versions/C/AppKit
0x000000003625f000 	/System/Library/Frameworks/CoreData.framework/Versions/A/CoreData
0x000000003625f000 	/System/Library/PrivateFrameworks/RemoteViewServices.framework/Versions/A/RemoteViewServices
0x000000003625f000 	/System/Library/PrivateFrameworks/UIFoundation.framework/Versions/A/UIFoundation
0x000000003625f000 	/usr/lib/libenergytrace.dylib
0x000000003625f000 	/System/Library/PrivateFrameworks/SkyLight.framework/Versions/A/SkyLight
0x000000003625f000 	/System/Library/Frameworks/CoreGraphics.framework/Versions/A/CoreGraphics
0x000000003625f000 	/usr/lib/libScreenReader.dylib
0x000000003625f000 	/System/Library/Frameworks/Accelerate.framework/Versions/A/Accelerate
0x000000003625f000 	/System/Library/Frameworks/IOSurface.framework/Versions/A/IOSurface
0x000000003625f000 	/System/Library/Frameworks/AudioToolbox.framework/Versions/A/AudioToolbox
0x000000003625f000 	/System/Library/Frameworks/AudioUnit.framework/Versions/A/AudioUnit
0x000000003625f000 	/System/Library/PrivateFrameworks/DataDetectorsCore.framework/Versions/A/DataDetectorsCore
0x000000003625f000 	/System/Library/PrivateFrameworks/DesktopServicesPriv.framework/Versions/A/DesktopServicesPriv
0x000000003625f000 	/System/Library/Frameworks/Carbon.framework/Versions/A/Frameworks/HIToolbox.framework/Versions/A/HIToolbox
0x000000003625f000 	/usr/lib/libicucore.A.dylib
0x000000003625f000 	/System/Library/Frameworks/QuartzCore.framework/Versions/A/QuartzCore
0x000000003625f000 	/System/Library/Frameworks/Carbon.framework/Versions/A/Frameworks/SpeechRecognition.framework/Versions/A/SpeechRecognition
0x000000003625f000 	/usr/lib/libauto.dylib
0x000000003625f000 	/usr/lib/libxml2.2.dylib
0x000000003625f000 	/System/Library/PrivateFrameworks/CoreUI.framework/Versions/A/CoreUI
0x000000003625f000 	/System/Library/Frameworks/CoreAudio.framework/Versions/A/CoreAudio
0x000000003625f000 	/System/Library/Frameworks/DiskArbitration.framework/Versions/A/DiskArbitration
0x000000003625f000 	/usr/lib/liblangid.dylib
0x000000003625f000 	/System/Library/PrivateFrameworks/MultitouchSupport.framework/Versions/A/MultitouchSupport
0x000000003625f000 	/System/Library/Frameworks/IOKit.framework/Versions/A/IOKit
0x000000003625f000 	/usr/lib/libDiagnosticMessagesClient.dylib
0x000000003625f000 	/System/Library/Frameworks/CoreServices.framework/Versions/A/CoreServices
0x000000003625f000 	/System/Library/PrivateFrameworks/PerformanceAnalysis.framework/Versions/A/PerformanceAnalysis
0x000000003625f000 	/System/Library/PrivateFrameworks/GenerationalStorage.framework/Versions/A/GenerationalStorage
0x000000003625f000 	/System/Library/Frameworks/OpenGL.framework/Versions/A/OpenGL
0x000000003625f000 	/System/Library/Frameworks/CoreImage.framework/Versions/A/CoreImage
0x000000003625f000 	/System/Library/Frameworks/CoreText.framework/Versions/A/CoreText
0x000000003625f000 	/System/Library/Frameworks/ImageIO.framework/Versions/A/ImageIO
0x000000003625f000 	/System/Library/PrivateFrameworks/Backup.framework/Versions/A/Backup
0x000000003625f000 	/usr/lib/libarchive.2.dylib
0x000000003625f000 	/System/Library/Frameworks/CFNetwork.framework/Versions/A/CFNetwork
0x000000003625f000 	/System/Library/Frameworks/SystemConfiguration.framework/Versions/A/SystemConfiguration
0x000000003625f000 	/usr/lib/libCRFSuite.dylib
0x000000003625f000 	/usr/lib/libc++.1.dylib
0x000000003625f000 	/usr/lib/libc++abi.dylib
0x000000003625f000 	/usr/lib/system/libcache.dylib
0x000000003625f000 	/usr/lib/system/libcommonCrypto.dylib
0x000000003625f000 	/usr/lib/system/libcompiler_rt.dylib
0x000000003625f000 	/usr/lib/system/libcopyfile.dylib
0x000000003625f000 	/usr/lib/system/libcorecrypto.dylib
0x000000003625f000 	/usr/lib/system/libdispatch.dylib
0x000000003625f000 	/usr/lib/system/libdyld.dylib
0x000000003625f000 	/usr/lib/system/libkeymgr.dylib
0x000000003625f000 	/usr/lib/system/liblaunch.dylib
0x000000003625f000 	/usr/lib/system/libmacho.dylib
0x000000003625f000 	/usr/lib/system/libquarantine.dylib
0x000000003625f000 	/usr/lib/system/libremovefile.dylib
0x000000003625f000 	/usr/lib/system/libsystem_asl.dylib
0x000000003625f000 	/usr/lib/system/libsystem_blocks.dylib
0x000000003625f000 	/usr/lib/system/libsystem_c.dylib
0x000000003625f000 	/usr/lib/system/libsystem_configuration.dylib
0x000000003625f000 	/usr/lib/system/libsystem_coreservices.dylib
0x000000003625f000 	/usr/lib/system/libsystem_coretls.dylib
0x000000003625f000 	/usr/lib/system/libsystem_dnssd.dylib
0x000000003625f000 	/usr/lib/system/libsystem_info.dylib
0x000000003625f000 	/usr/lib/system/libsystem_kernel.dylib
0x000000003625f000 	/usr/lib/system/libsystem_m.dylib
0x000000003625f000 	/usr/lib/system/libsystem_malloc.dylib
0x000000003625f000 	/usr/lib/system/libsystem_network.dylib
0x000000003625f000 	/usr/lib/system/libsystem_networkextension.dylib
0x000000003625f000 	/usr/lib/system/libsystem_notify.dylib
0x000000003625f000 	/usr/lib/system/libsystem_platform.dylib
0x000000003625f000 	/usr/lib/system/libsystem_pthread.dylib
0x000000003625f000 	/usr/lib/system/libsystem_sandbox.dylib
0x000000003625f000 	/usr/lib/system/libsystem_secinit.dylib
0x000000003625f000 	/usr/lib/system/libsystem_symptoms.dylib
0x000000003625f000 	/usr/lib/system/libsystem_trace.dylib
0x000000003625f000 	/usr/lib/system/libunwind.dylib
0x000000003625f000 	/usr/lib/system/libxpc.dylib
0x000000003625f000 	/usr/lib/libbsm.0.dylib
0x000000003625f000 	/usr/lib/system/libkxld.dylib
0x000000003625f000 	/usr/lib/libcoretls.dylib
0x000000003625f000 	/usr/lib/libcoretls_cfhelpers.dylib
0x000000003625f000 	/usr/lib/libxar.1.dylib
0x000000003625f000 	/usr/lib/libsqlite3.dylib
0x000000003625f000 	/usr/lib/libpam.2.dylib
0x000000003625f000 	/usr/lib/libOpenScriptingUtil.dylib
0x000000003625f000 	/usr/lib/libbz2.1.0.dylib
0x000000003625f000 	/usr/lib/liblzma.5.dylib
0x000000003625f000 	/usr/lib/libnetwork.dylib
0x000000003625f000 	/usr/lib/libpcap.A.dylib
0x000000003625f000 	/System/Library/Frameworks/CoreServices.framework/Versions/A/Frameworks/FSEvents.framework/Versions/A/FSEvents
0x000000003625f000 	/System/Library/Frameworks/CoreServices.framework/Versions/A/Frameworks/CarbonCore.framework/Versions/A/CarbonCore
0x000000003625f000 	/System/Library/Frameworks/CoreServices.framework/Versions/A/Frameworks/Metadata.framework/Versions/A/Metadata
0x000000003625f000 	/System/Library/Frameworks/CoreServices.framework/Versions/A/Frameworks/OSServices.framework/Versions/A/OSServices
0x000000003625f000 	/System/Library/Frameworks/CoreServices.framework/Versions/A/Frameworks/SearchKit.framework/Versions/A/SearchKit
0x000000003625f000 	/System/Library/Frameworks/CoreServices.framework/Versions/A/Frameworks/AE.framework/Versions/A/AE
0x000000003625f000 	/System/Library/Frameworks/CoreServices.framework/Versions/A/Frameworks/LaunchServices.framework/Versions/A/LaunchServices
0x000000003625f000 	/System/Library/Frameworks/CoreServices.framework/Versions/A/Frameworks/DictionaryServices.framework/Versions/A/DictionaryServices
0x000000003625f000 	/System/Library/Frameworks/CoreServices.framework/Versions/A/Frameworks/SharedFileList.framework/Versions/A/SharedFileList
0x000000003625f000 	/System/Library/Frameworks/NetFS.framework/Versions/A/NetFS
0x000000003625f000 	/System/Library/PrivateFrameworks/NetAuth.framework/Versions/A/NetAuth
0x000000003625f000 	/System/Library/PrivateFrameworks/login.framework/Versions/A/Frameworks/loginsupport.framework/Versions/A/loginsupport
0x000000003625f000 	/System/Library/PrivateFrameworks/TCC.framework/Versions/A/TCC
0x000000003625f000 	/usr/lib/libmecabra.dylib
0x000000003625f000 	/System/Library/Frameworks/ApplicationServices.framework/Versions/A/Frameworks/ATS.framework/Versions/A/ATS
0x000000003625f000 	/System/Library/Frameworks/ApplicationServices.framework/Versions/A/Frameworks/ColorSync.framework/Versions/A/ColorSync
0x000000003625f000 	/System/Library/Frameworks/ApplicationServices.framework/Versions/A/Frameworks/HIServices.framework/Versions/A/HIServices
0x000000003625f000 	/System/Library/Frameworks/ApplicationServices.framework/Versions/A/Frameworks/LangAnalysis.framework/Versions/A/LangAnalysis
0x000000003625f000 	/System/Library/Frameworks/ApplicationServices.framework/Versions/A/Frameworks/PrintCore.framework/Versions/A/PrintCore
0x000000003625f000 	/System/Library/Frameworks/ApplicationServices.framework/Versions/A/Frameworks/QD.framework/Versions/A/QD
0x000000003625f000 	/System/Library/Frameworks/ApplicationServices.framework/Versions/A/Frameworks/SpeechSynthesis.framework/Versions/A/SpeechSynthesis
0x000000003625f000 	/System/Library/Frameworks/Accelerate.framework/Versions/A/Frameworks/vImage.framework/Versions/A/vImage
0x000000003625f000 	/System/Library/Frameworks/Accelerate.framework/Versions/A/Frameworks/vecLib.framework/Versions/A/vecLib
0x000000003625f000 	/System/Library/Frameworks/Accelerate.framework/Versions/A/Frameworks/vecLib.framework/Versions/A/libvDSP.dylib
0x000000003625f000 	/System/Library/Frameworks/Accelerate.framework/Versions/A/Frameworks/vecLib.framework/Versions/A/libBNNS.dylib
0x000000003625f000 	/System/Library/Frameworks/Accelerate.framework/Versions/A/Frameworks/vecLib.framework/Versions/A/libQuadrature.dylib
0x000000003625f000 	/System/Library/Frameworks/Accelerate.framework/Versions/A/Frameworks/vecLib.framework/Versions/A/libvMisc.dylib
0x000000003625f000 	/System/Library/Frameworks/Accelerate.framework/Versions/A/Frameworks/vecLib.framework/Versions/A/libLAPACK.dylib
0x000000003625f000 	/System/Library/Frameworks/Accelerate.framework/Versions/A/Frameworks/vecLib.framework/Versions/A/libBLAS.dylib
0x000000003625f000 	/System/Library/Frameworks/Accelerate.framework/Versions/A/Frameworks/vecLib.framework/Versions/A/libLinearAlgebra.dylib
0x000000003625f000 	/System/Library/Frameworks/Accelerate.framework/Versions/A/Frameworks/vecLib.framework/Versions/A/libSparseBLAS.dylib
0x000000003625f000 	/System/Library/Frameworks/ApplicationServices.framework/Versions/A/Frameworks/ATS.framework/Versions/A/Resources/libFontParser.dylib
0x000000003625f000 	/System/Library/Frameworks/ApplicationServices.framework/Versions/A/Frameworks/ATS.framework/Versions/A/Resources/libFontRegistry.dylib
0x000000003625f000 	/System/Library/Frameworks/ImageIO.framework/Versions/A/Resources/libJPEG.dylib
0x000000003625f000 	/System/Library/Frameworks/ImageIO.framework/Versions/A/Resources/libTIFF.dylib
0x000000003625f000 	/System/Library/Frameworks/ImageIO.framework/Versions/A/Resources/libPng.dylib
0x000000003625f000 	/System/Library/Frameworks/ImageIO.framework/Versions/A/Resources/libGIF.dylib
0x000000003625f000 	/System/Library/Frameworks/ImageIO.framework/Versions/A/Resources/libJP2.dylib
0x000000003625f000 	/System/Library/Frameworks/ImageIO.framework/Versions/A/Resources/libRadiance.dylib
0x000000003625f000 	/usr/lib/libcompression.dylib
0x000000003625f000 	/System/Library/PrivateFrameworks/AppleJPEG.framework/Versions/A/AppleJPEG
0x000000003625f000 	/usr/lib/libcups.2.dylib
0x000000003625f000 	/System/Library/Frameworks/Kerberos.framework/Versions/A/Kerberos
0x000000003625f000 	/System/Library/Frameworks/GSS.framework/Versions/A/GSS
0x000000003625f000 	/usr/lib/libresolv.9.dylib
0x000000003625f000 	/usr/lib/libiconv.2.dylib
0x000000003625f000 	/System/Library/PrivateFrameworks/Heimdal.framework/Versions/A/Heimdal
0x000000003625f000 	/usr/lib/libheimdal-asn1.dylib
0x000000003625f000 	/System/Library/Frameworks/OpenDirectory.framework/Versions/A/OpenDirectory
0x000000003625f000 	/System/Library/PrivateFrameworks/CommonAuth.framework/Versions/A/CommonAuth
0x000000003625f000 	/System/Library/Frameworks/OpenDirectory.framework/Versions/A/Frameworks/CFOpenDirectory.framework/Versions/A/CFOpenDirectory
0x000000003625f000 	/System/Library/Frameworks/SecurityFoundation.framework/Versions/A/SecurityFoundation
0x000000003625f000 	/System/Library/PrivateFrameworks/LanguageModeling.framework/Versions/A/LanguageModeling
0x000000003625f000 	/usr/lib/libmarisa.dylib
0x000000003625f000 	/usr/lib/libChineseTokenizer.dylib
0x000000003625f000 	/usr/lib/libcmph.dylib
0x000000003625f000 	/System/Library/PrivateFrameworks/CoreEmoji.framework/Versions/A/CoreEmoji
0x000000003625f000 	/System/Library/Frameworks/ServiceManagement.framework/Versions/A/ServiceManagement
0x000000003625f000 	/usr/lib/libxslt.1.dylib
0x000000003625f000 	/System/Library/Frameworks/Carbon.framework/Versions/A/Frameworks/Ink.framework/Versions/A/Ink
0x000000003625f000 	/System/Library/PrivateFrameworks/TextureIO.framework/Versions/A/TextureIO
0x000000003625f000 	/System/Library/Frameworks/Metal.framework/Versions/A/Metal
0x000000003625f000 	/usr/lib/libate.dylib
0x000000003625f000 	/System/Library/PrivateFrameworks/GPUCompiler.framework/libmetal_timestamp.dylib
0x000000003625f000 	/System/Library/Frameworks/OpenGL.framework/Versions/A/Libraries/libCoreFSCache.dylib
0x000000003625f000 	/System/Library/PrivateFrameworks/IOAccelerator.framework/Versions/A/IOAccelerator
0x000000003625f000 	/System/Library/Frameworks/CoreVideo.framework/Versions/A/CoreVideo
0x000000003625f000 	/usr/lib/libFosl_dynamic.dylib
0x000000003625f000 	/System/Library/PrivateFrameworks/MetalPerformanceShaders.framework/Versions/A/MetalPerformanceShaders
0x000000003625f000 	/System/Library/PrivateFrameworks/FaceCore.framework/Versions/A/FaceCore
0x000000003625f000 	/System/Library/Frameworks/OpenCL.framework/Versions/A/OpenCL
0x000000003625f000 	/System/Library/Frameworks/OpenGL.framework/Versions/A/Libraries/libGLU.dylib
0x000000003625f000 	/System/Library/Frameworks/OpenGL.framework/Versions/A/Libraries/libGFXShared.dylib
0x000000003625f000 	/System/Library/Frameworks/OpenGL.framework/Versions/A/Libraries/libGL.dylib
0x000000003625f000 	/System/Library/Frameworks/OpenGL.framework/Versions/A/Libraries/libGLImage.dylib
0x000000003625f000 	/System/Library/Frameworks/OpenGL.framework/Versions/A/Libraries/libCVMSPluginSupport.dylib
0x000000003625f000 	/System/Library/Frameworks/OpenGL.framework/Versions/A/Libraries/libCoreVMClient.dylib
0x000000003625f000 	/System/Library/PrivateFrameworks/CrashReporterSupport.framework/Versions/A/CrashReporterSupport
0x000000003625f000 	/System/Library/PrivateFrameworks/Sharing.framework/Versions/A/Sharing
0x000000003625f000 	/System/Library/PrivateFrameworks/IconServices.framework/Versions/A/IconServices
0x000000003625f000 	/System/Library/PrivateFrameworks/ProtocolBuffer.framework/Versions/A/ProtocolBuffer
0x000000003625f000 	/System/Library/PrivateFrameworks/Apple80211.framework/Versions/A/Apple80211
0x000000003625f000 	/System/Library/Frameworks/CoreWLAN.framework/Versions/A/CoreWLAN
0x000000003625f000 	/System/Library/PrivateFrameworks/CoreUtils.framework/Versions/A/CoreUtils
0x000000003625f000 	/System/Library/Frameworks/IOBluetooth.framework/Versions/A/IOBluetooth
0x000000003625f000 	/System/Library/PrivateFrameworks/CoreWiFi.framework/Versions/A/CoreWiFi
0x000000003625f000 	/System/Library/Frameworks/CoreBluetooth.framework/Versions/A/CoreBluetooth
0x000000003625f000 	/System/Library/Frameworks/CoreDisplay.framework/Versions/A/CoreDisplay
0x000000003625f000 	/System/Library/PrivateFrameworks/IOPresentment.framework/Versions/A/IOPresentment
0x000000003625f000 	/System/Library/PrivateFrameworks/DebugSymbols.framework/Versions/A/DebugSymbols
0x000000003625f000 	/System/Library/PrivateFrameworks/CoreSymbolication.framework/Versions/A/CoreSymbolication
0x000000003625f000 	/System/Library/PrivateFrameworks/Symbolication.framework/Versions/A/Symbolication
0x000000003625f000 	/System/Library/PrivateFrameworks/AppleFSCompression.framework/Versions/A/AppleFSCompression
0x000000003625f000 	/System/Library/PrivateFrameworks/SpeechRecognitionCore.framework/Versions/A/SpeechRecognitionCore
0x000000003625f000 	/System/Library/PrivateFrameworks/ChunkingLibrary.framework/Versions/A/ChunkingLibrary
0x000000010f200000 	/Library/Java/JavaVirtualMachines/jdk1.8.0_60.jdk/Contents/Home/jre/lib/server/libjvm.dylib
0x000000003625f000 	/usr/lib/libstdc++.6.dylib
0x000000010e97b000 	/Library/Java/JavaVirtualMachines/jdk1.8.0_60.jdk/Contents/Home/jre/lib/libverify.dylib
0x000000010e989000 	/Library/Java/JavaVirtualMachines/jdk1.8.0_60.jdk/Contents/Home/jre/lib/libjava.dylib
0x0000000110189000 	/Library/Java/JavaVirtualMachines/jdk1.8.0_60.jdk/Contents/Home/jre/lib/libjdwp.dylib
0x000000010e9bf000 	/Library/Java/JavaVirtualMachines/jdk1.8.0_60.jdk/Contents/Home/jre/lib/libnpt.dylib
0x000000010e9cc000 	/Library/Java/JavaVirtualMachines/jdk1.8.0_60.jdk/Contents/Home/jre/lib/libzip.dylib
0x0000000111868000 	/System/Library/Frameworks/JavaVM.framework/Frameworks/JavaRuntimeSupport.framework/JavaRuntimeSupport
0x0000000125bb6000 	/System/Library/Frameworks/JavaVM.framework/Versions/A/Frameworks/JavaNativeFoundation.framework/Versions/A/JavaNativeFoundation
0x0000000125bcb000 	/System/Library/Frameworks/JavaVM.framework/Versions/A/JavaVM
0x000000003625f000 	/System/Library/Frameworks/Carbon.framework/Versions/A/Carbon
0x0000000125bd8000 	/System/Library/PrivateFrameworks/JavaLaunching.framework/Versions/A/JavaLaunching
0x000000003625f000 	/System/Library/Frameworks/Carbon.framework/Versions/A/Frameworks/CommonPanels.framework/Versions/A/CommonPanels
0x000000003625f000 	/System/Library/Frameworks/Carbon.framework/Versions/A/Frameworks/Help.framework/Versions/A/Help
0x000000003625f000 	/System/Library/Frameworks/Carbon.framework/Versions/A/Frameworks/ImageCapture.framework/Versions/A/ImageCapture
0x000000003625f000 	/System/Library/Frameworks/Carbon.framework/Versions/A/Frameworks/OpenScripting.framework/Versions/A/OpenScripting
0x000000003625f000 	/System/Library/Frameworks/Carbon.framework/Versions/A/Frameworks/Print.framework/Versions/A/Print
0x000000003625f000 	/System/Library/Frameworks/Carbon.framework/Versions/A/Frameworks/SecurityHI.framework/Versions/A/SecurityHI
0x00000001274e2000 	/Library/Java/JavaVirtualMachines/jdk1.8.0_60.jdk/Contents/Home/jre/lib/libdt_socket.dylib
0x00000001274e9000 	/Library/Java/JavaVirtualMachines/jdk1.8.0_60.jdk/Contents/Home/jre/lib/libawt.dylib
0x0000000127591000 	/Library/Java/JavaVirtualMachines/jdk1.8.0_60.jdk/Contents/Home/jre/lib/./libmlib_image.dylib
0x000000012765d000 	/Library/Java/JavaVirtualMachines/jdk1.8.0_60.jdk/Contents/Home/jre/lib/libawt_lwawt.dylib
0x0000000127712000 	/Library/Java/JavaVirtualMachines/jdk1.8.0_60.jdk/Contents/Home/jre/lib/./libosxapp.dylib
0x000000003625f000 	/System/Library/Frameworks/ExceptionHandling.framework/Versions/A/ExceptionHandling
0x000000003625f000 	/System/Library/PrivateFrameworks/CoreServicesInternal.framework/Versions/A/CoreServicesInternal
0x000000003625f000 	/System/Library/CoreServices/RawCamera.bundle/Contents/MacOS/RawCamera
0x000000003625f000 	/System/Library/Frameworks/Accelerate.framework/Versions/A/Frameworks/vImage.framework/Versions/A/Libraries/libCGInterfaces.dylib
0x000000003625f000 	/System/Library/Frameworks/ApplicationServices.framework/Versions/A/Frameworks/ATS.framework/Versions/A/Resources/libTrueTypeScaler.dylib
0x000000003625f000 	/System/Library/Frameworks/OpenGL.framework/Versions/A/Resources/GLEngine.bundle/GLEngine
0x000000003625f000 	/System/Library/Frameworks/OpenGL.framework/Versions/A/Libraries/libGLProgrammability.dylib
0x00000001293f0000 	/System/Library/Extensions/AppleIntelBDWGraphicsGLDriver.bundle/Contents/MacOS/AppleIntelBDWGraphicsGLDriver
0x000000003625f000 	/System/Library/PrivateFrameworks/GPUSupport.framework/Versions/A/Libraries/libGPUSupportMercury.dylib
0x000000003625f000 	/System/Library/Frameworks/OpenGL.framework/Versions/A/Resources/GLRendererFloat.bundle/GLRendererFloat
0x000000003625f000 	/System/Library/Frameworks/OpenCL.framework/Versions/A/Libraries/libcldcpuengine.dylib
0x000000003625f000 	/usr/lib/libcrypto.0.9.8.dylib
0x000000003625f000 	/System/Library/PrivateFrameworks/TrustEvaluationAgent.framework/Versions/A/TrustEvaluationAgent
0x0000000129b6a000 	/System/Library/Extensions/AppleIntelBDWGraphicsMTLDriver.bundle/Contents/MacOS/AppleIntelBDWGraphicsMTLDriver
0x000000003625f000 	/System/Library/PrivateFrameworks/FamilyControls.framework/Versions/A/FamilyControls
0x000000003625f000 	/System/Library/PrivateFrameworks/CommerceKit.framework/Versions/A/Frameworks/CommerceCore.framework/Versions/A/CommerceCore
0x000000003625f000 	/System/Library/PrivateFrameworks/SystemAdministration.framework/Versions/A/SystemAdministration
0x000000003625f000 	/System/Library/PrivateFrameworks/AppContainer.framework/Versions/A/AppContainer
0x000000003625f000 	/System/Library/PrivateFrameworks/SecCodeWrapper.framework/Versions/A/SecCodeWrapper
0x000000003625f000 	/System/Library/Frameworks/DirectoryService.framework/Versions/A/DirectoryService
0x000000003625f000 	/System/Library/PrivateFrameworks/DiskImages.framework/Versions/A/DiskImages
0x000000003625f000 	/System/Library/PrivateFrameworks/LoginUIKit.framework/Versions/A/Frameworks/LoginUICore.framework/Versions/A/LoginUICore
0x000000003625f000 	/usr/lib/libCoreStorage.dylib
0x000000003625f000 	/usr/lib/libcsfde.dylib
0x000000003625f000 	/usr/lib/libodfde.dylib
0x000000003625f000 	/System/Library/Frameworks/DiscRecording.framework/Versions/A/DiscRecording
0x000000003625f000 	/usr/lib/libcurl.4.dylib
0x000000003625f000 	/System/Library/PrivateFrameworks/MediaKit.framework/Versions/A/MediaKit
0x000000003625f000 	/System/Library/PrivateFrameworks/ProtectedCloudStorage.framework/Versions/A/ProtectedCloudStorage
0x000000003625f000 	/System/Library/PrivateFrameworks/EFILogin.framework/Versions/A/EFILogin
0x000000003625f000 	/usr/lib/libutil.dylib
0x000000003625f000 	/System/Library/Frameworks/LDAP.framework/Versions/A/LDAP
0x000000003625f000 	/usr/lib/libsasl2.2.dylib
0x000000003625f000 	/System/Library/PrivateFrameworks/CoreDaemon.framework/Versions/B/CoreDaemon
0x000000003625f000 	/System/Library/PrivateFrameworks/AppleSRP.framework/Versions/A/AppleSRP
0x000000003625f000 	/System/Library/PrivateFrameworks/APFS.framework/Versions/A/APFS
0x000000012b05d000 	/Library/Java/JavaVirtualMachines/jdk1.8.0_60.jdk/Contents/Home/jre/lib/libfontmanager.dylib
0x000000012b8cb000 	/Library/Java/JavaVirtualMachines/jdk1.8.0_60.jdk/Contents/Home/jre/lib/libosxui.dylib
0x000000003625f000 	/System/Library/PrivateFrameworks/ViewBridge.framework/Versions/A/ViewBridge
0x000000003625f000 	/System/Library/PrivateFrameworks/XPCService.framework/Versions/A/XPCService
0x000000003625f000 	/System/Library/PrivateFrameworks/AppSandbox.framework/Versions/A/AppSandbox
0x000000003625f000 	/usr/lib/libsandbox.1.dylib
0x000000003625f000 	/usr/lib/libMatch.1.dylib

VM Arguments:
jvm_args: -agentlib:jdwp=transport=dt_socket,suspend=y,address=localhost:57008 -Dfile.encoding=UTF-8 
java_command: de.htw.ip.main.Binarize
java_class_path (initial): /Users/petulantslacker/Documents/HTW/JAVA/IP/Ue4-Goohsen-Sacker/bin:/Applications/Eclipse.app/Contents/Eclipse/plugins/org.junit_4.12.0.v201504281640/junit.jar:/Applications/Eclipse.app/Contents/Eclipse/plugins/org.hamcrest.core_1.3.0.v201303031735.jar
Launcher Type: SUN_STANDARD

Environment Variables:
PATH=/usr/bin:/bin:/usr/sbin:/sbin
SHELL=/bin/bash

Signal Handlers:
SIGSEGV: [libjvm.dylib+0x5a6d31], sa_mask[0]=11111111011111110111111111111111, sa_flags=SA_ONSTACK|SA_RESTART|SA_SIGINFO
SIGBUS: [libjvm.dylib+0x5a6d31], sa_mask[0]=11111111011111110111111111111111, sa_flags=SA_RESTART|SA_SIGINFO
SIGFPE: [libjvm.dylib+0x480a4c], sa_mask[0]=11111111011111110111111111111111, sa_flags=SA_RESTART|SA_SIGINFO
SIGPIPE: [libjvm.dylib+0x480a4c], sa_mask[0]=11111111011111110111111111111111, sa_flags=SA_RESTART|SA_SIGINFO
SIGXFSZ: [libjvm.dylib+0x480a4c], sa_mask[0]=11111111011111110111111111111111, sa_flags=SA_RESTART|SA_SIGINFO
SIGILL: [libjvm.dylib+0x480a4c], sa_mask[0]=11111111011111110111111111111111, sa_flags=SA_RESTART|SA_SIGINFO
SIGUSR1: SIG_DFL, sa_mask[0]=00000000000000000000000000000000, sa_flags=none
SIGUSR2: [libjvm.dylib+0x48056a], sa_mask[0]=00100000000000000000000000000000, sa_flags=SA_RESTART|SA_SIGINFO
SIGHUP: [libjvm.dylib+0x47eb41], sa_mask[0]=11111111011111110111111111111111, sa_flags=SA_RESTART|SA_SIGINFO
SIGINT: [libjvm.dylib+0x47eb41], sa_mask[0]=11111111011111110111111111111111, sa_flags=SA_RESTART|SA_SIGINFO
SIGTERM: [libjvm.dylib+0x47eb41], sa_mask[0]=11111111011111110111111111111111, sa_flags=SA_RESTART|SA_SIGINFO
SIGQUIT: [libjvm.dylib+0x47eb41], sa_mask[0]=11111111011111110111111111111111, sa_flags=SA_RESTART|SA_SIGINFO


---------------  S Y S T E M  ---------------

OS:Bsduname:Darwin 16.0.0 Darwin Kernel Version 16.0.0: Mon Aug 29 17:56:20 PDT 2016; root:xnu-3789.1.32~3/RELEASE_X86_64 x86_64
rlimit: STACK 8192k, CORE 0k, NPROC 709, NOFILE 10240, AS infinity
load average:1.58 1.54 1.52

CPU:total 4 (2 cores per cpu, 2 threads per core) family 6 model 61 stepping 4, cmov, cx8, fxsr, mmx, sse, sse2, sse3, ssse3, sse4.1, sse4.2, popcnt, avx, avx2, aes, clmul, erms, 3dnowpref, lzcnt, ht, tsc, tscinvbit, bmi1, bmi2, adx

Memory: 4k page, physical 8388608k(116716k free)

/proc/meminfo:


vm_info: Java HotSpot(TM) 64-Bit Server VM (25.60-b23) for bsd-amd64 JRE (1.8.0_60-b27), built on Aug  4 2015 10:47:24 by "java_re" with gcc 4.2.1 (Based on Apple Inc. build 5658) (LLVM build 2336.11.00)

time: Fri Dec  2 21:01:07 2016
elapsed time: 58 seconds (0d 0h 0m 58s)

